{
  "RSpec": {
    "coverage": {
      "/Users/jasonhooper/wgc_projects/competmansys/config/environment.rb": [
        null,
        1,
        null,
        null,
        1
      ],
      "/Users/jasonhooper/wgc_projects/competmansys/config/application.rb": [
        1,
        null,
        null,
        1,
        1,
        1,
        1,
        null,
        null,
        null,
        null,
        1,
        null,
        1,
        1,
        null,
        null,
        null,
        null,
        null,
        null,
        null,
        null,
        null,
        null,
        null,
        1,
        null,
        null
      ],
      "/Users/jasonhooper/wgc_projects/competmansys/config/boot.rb": [
        null,
        1,
        null,
        1
      ],
      "/Users/jasonhooper/wgc_projects/competmansys/config/environments/test.rb": [
        1,
        null,
        null,
        null,
        null,
        null,
        null,
        1,
        null,
        null,
        null,
        null,
        1,
        null,
        null,
        1,
        1,
        null,
        null,
        1,
        1,
        null,
        null,
        1,
        null,
        null,
        1,
        null,
        null,
        null,
        null,
        1,
        null,
        null,
        1,
        null
      ],
      "/Users/jasonhooper/wgc_projects/competmansys/config/initializers/backtrace_silencers.rb": [
        null,
        null,
        null,
        null,
        null,
        null,
        null
      ],
      "/Users/jasonhooper/wgc_projects/competmansys/config/initializers/devise.rb": [
        null,
        null,
        1,
        null,
        null,
        null,
        1,
        null,
        null,
        null,
        null,
        null,
        1,
        null,
        null,
        null,
        null,
        null,
        null,
        null,
        null,
        1,
        null,
        null,
        null,
        null,
        null,
        null,
        null,
        null,
        null,
        null,
        null,
        null,
        null,
        null,
        null,
        null,
        null,
        null,
        null,
        null,
        null,
        1,
        null,
        null,
        null,
        null,
        1,
        null,
        null,
        null,
        null,
        null,
        null,
        null,
        null,
        null,
        null,
        null,
        null,
        null,
        null,
        null,
        null,
        null,
        null,
        null,
        null,
        null,
        null,
        null,
        null,
        null,
        null,
        null,
        null,
        null,
        null,
        1,
        null,
        null,
        null,
        null,
        null,
        null,
        null,
        null,
        null,
        null,
        null,
        null,
        null,
        null,
        1,
        null,
        null,
        null,
        null,
        null,
        null,
        null,
        null,
        null,
        null,
        null,
        null,
        null,
        null,
        null,
        null,
        null,
        null,
        null,
        null,
        null,
        null,
        null,
        null,
        1,
        null,
        null,
        null,
        null,
        null,
        null,
        null,
        null,
        null,
        null,
        null,
        null,
        null,
        null,
        null,
        null,
        null,
        1,
        null,
        null,
        null,
        null,
        null,
        null,
        null,
        null,
        null,
        null,
        null,
        null,
        null,
        null,
        null,
        null,
        null,
        null,
        null,
        null,
        null,
        null,
        null,
        null,
        null,
        null,
        null,
        null,
        null,
        null,
        null,
        null,
        null,
        null,
        null,
        null,
        null,
        null,
        null,
        null,
        null,
        null,
        null,
        null,
        null,
        null,
        null,
        null,
        1,
        null,
        null,
        null,
        null,
        null,
        null,
        null,
        null,
        null,
        null,
        null,
        null,
        null,
        null,
        null,
        null,
        null,
        null,
        null,
        null,
        null,
        null,
        null,
        null,
        null,
        null,
        null,
        null,
        null,
        null,
        null,
        null,
        null,
        null,
        null,
        null,
        null,
        1,
        null,
        null,
        null,
        null,
        null,
        null,
        null,
        null,
        null,
        null,
        null,
        null,
        null,
        null,
        null,
        null,
        null,
        null,
        null,
        null,
        null,
        null,
        null,
        null,
        null,
        null,
        null,
        null,
        null
      ],
      "/Users/jasonhooper/wgc_projects/competmansys/config/initializers/filter_parameter_logging.rb": [
        null,
        null,
        null,
        1
      ],
      "/Users/jasonhooper/wgc_projects/competmansys/config/initializers/inflections.rb": [
        null,
        null,
        null,
        null,
        null,
        null,
        null,
        null,
        null,
        null,
        null,
        null,
        null,
        null,
        null,
        null
      ],
      "/Users/jasonhooper/wgc_projects/competmansys/config/initializers/mime_types.rb": [
        null,
        null,
        null,
        null,
        null
      ],
      "/Users/jasonhooper/wgc_projects/competmansys/config/initializers/secret_token.rb": [
        null,
        null,
        null,
        null,
        null,
        null,
        null,
        null,
        null,
        null,
        null,
        1
      ],
      "/Users/jasonhooper/wgc_projects/competmansys/config/initializers/session_store.rb": [
        null,
        null,
        1
      ],
      "/Users/jasonhooper/wgc_projects/competmansys/config/initializers/wrap_parameters.rb": [
        null,
        null,
        null,
        null,
        null,
        null,
        1,
        1,
        null,
        null,
        null,
        null,
        null,
        null
      ],
      "/Users/jasonhooper/wgc_projects/competmansys/app/models/user_observer.rb": [
        1,
        1,
        31,
        null,
        null
      ],
      "/Users/jasonhooper/wgc_projects/competmansys/app/models/user.rb": [
        1,
        1,
        null,
        null,
        1,
        null,
        null,
        1,
        0,
        null,
        null,
        1,
        0,
        0,
        null,
        null,
        null,
        1,
        0,
        null,
        null,
        1,
        1,
        null,
        null
      ],
      "/Users/jasonhooper/wgc_projects/competmansys/config/routes.rb": [
        1,
        1,
        null,
        1,
        1,
        1,
        null,
        null,
        null,
        null,
        null,
        1,
        null,
        null,
        null,
        null,
        null,
        null,
        null,
        null,
        null,
        null,
        null,
        null,
        null,
        null,
        null,
        null,
        null,
        null,
        null,
        null,
        null,
        null,
        null,
        null,
        null,
        null,
        null,
        null,
        null,
        null,
        null,
        null,
        null,
        null,
        null,
        null,
        null,
        null,
        null,
        null,
        null,
        null,
        null,
        null,
        null,
        null,
        null,
        null,
        null,
        null
      ],
      "/Users/jasonhooper/wgc_projects/competmansys/app/helpers/application_helper.rb": [
        1,
        null
      ],
      "/Users/jasonhooper/wgc_projects/competmansys/app/helpers/competitions_helper.rb": [
        1,
        null
      ],
      "/Users/jasonhooper/wgc_projects/competmansys/app/helpers/events_helper.rb": [
        1,
        null
      ],
      "/Users/jasonhooper/wgc_projects/competmansys/app/helpers/welcome_helper.rb": [
        1,
        null
      ],
      "/Users/jasonhooper/wgc_projects/competmansys/spec/support/devise.rb": [
        1,
        1,
        null
      ],
      "/Users/jasonhooper/wgc_projects/competmansys/app/controllers/competitions_controller.rb": [
        1,
        null,
        1,
        2,
        null,
        null,
        1,
        2,
        2,
        null,
        null,
        1,
        2,
        null,
        null,
        1,
        3,
        3,
        3,
        3,
        null,
        null,
        1,
        0,
        0,
        null,
        null,
        1,
        4,
        4,
        4,
        4,
        null,
        0,
        0,
        0,
        null,
        null,
        null,
        1,
        4,
        4,
        4,
        4,
        null,
        4,
        4,
        4,
        null,
        0,
        0,
        0,
        null,
        null,
        null,
        1,
        null,
        null,
        1,
        1,
        8,
        null,
        null,
        null,
        null
      ],
      "/Users/jasonhooper/wgc_projects/competmansys/app/controllers/application_controller.rb": [
        1,
        1,
        null,
        1,
        null,
        1,
        0,
        0,
        null,
        null,
        null,
        null,
        1,
        null,
        null
      ],
      "/Users/jasonhooper/wgc_projects/competmansys/spec/controllers/events_controller_spec.rb": [
        1,
        null,
        1,
        1,
        11,
        null,
        11,
        null,
        11,
        null,
        11,
        null,
        null,
        null,
        null,
        null,
        null,
        1,
        1,
        6,
        null,
        null,
        null,
        1,
        1,
        2,
        null,
        null,
        1,
        1,
        null,
        null,
        1,
        1,
        null,
        null,
        null,
        1,
        1,
        2,
        null,
        null,
        1,
        1,
        null,
        null,
        1,
        1,
        null,
        null,
        null,
        1,
        1,
        2,
        null,
        null,
        null,
        1,
        1,
        null,
        null,
        1,
        1,
        null,
        null,
        null,
        null,
        null,
        null,
        1,
        1,
        2,
        null,
        null,
        1,
        1,
        null,
        null,
        1,
        1,
        null,
        null,
        null,
        null,
        1,
        1,
        3,
        null,
        null,
        null,
        1,
        1,
        null,
        null,
        1,
        1,
        null,
        null,
        1,
        1,
        null,
        null,
        null,
        null
      ],
      "/Users/jasonhooper/wgc_projects/competmansys/app/controllers/events_controller.rb": [
        1,
        null,
        1,
        11,
        null,
        null,
        1,
        2,
        null,
        null,
        1,
        2,
        2,
        2,
        2,
        null,
        null,
        1,
        2,
        2,
        2,
        2,
        null,
        0,
        0,
        0,
        null,
        null,
        null,
        1,
        0,
        null,
        null,
        1,
        2,
        null,
        null,
        1,
        3,
        3,
        3,
        3,
        3,
        null,
        0,
        0,
        0,
        null,
        null,
        null,
        1,
        1,
        5,
        null,
        null
      ],
      "/Users/jasonhooper/wgc_projects/competmansys/spec/controllers/welcome_controller_spec.rb": [
        1,
        null,
        1,
        null,
        1,
        null,
        1,
        2,
        null,
        null,
        1,
        1,
        null,
        null,
        1,
        1,
        null,
        null,
        null,
        null
      ],
      "/Users/jasonhooper/wgc_projects/competmansys/app/controllers/welcome_controller.rb": [
        1,
        null,
        1,
        null,
        null,
        null,
        null
      ],
      "/Users/jasonhooper/wgc_projects/competmansys/spec/helpers/competitions_helper_spec.rb": [
        1,
        null,
        null,
        null,
        null,
        null,
        null,
        null,
        null,
        null,
        null,
        null,
        1,
        null,
        null
      ],
      "/Users/jasonhooper/wgc_projects/competmansys/spec/helpers/events_helper_spec.rb": [
        1,
        null,
        null,
        null,
        null,
        null,
        null,
        null,
        null,
        null,
        null,
        null,
        1,
        null
      ],
      "/Users/jasonhooper/wgc_projects/competmansys/spec/mailers/user_mailer_spec.rb": [
        1,
        null,
        1,
        1,
        3,
        3,
        null,
        null,
        1,
        1,
        null,
        1,
        1,
        null,
        1,
        1,
        1,
        null,
        null
      ],
      "/Users/jasonhooper/wgc_projects/competmansys/app/mailers/user_mailer.rb": [
        1,
        1,
        null,
        1,
        31,
        31,
        31,
        null,
        null
      ],
      "/Users/jasonhooper/wgc_projects/competmansys/spec/models/competition_administrator_spec.rb": [
        1,
        null,
        1,
        2,
        2,
        null
      ],
      "/Users/jasonhooper/wgc_projects/competmansys/app/models/competition_administrator.rb": [
        1,
        null,
        1,
        1,
        null,
        null
      ],
      "/Users/jasonhooper/wgc_projects/competmansys/spec/models/competition_spec.rb": [
        1,
        null,
        1,
        null,
        2,
        null,
        2,
        2,
        null,
        2,
        2,
        2,
        2,
        2,
        2,
        2,
        null,
        1,
        1,
        null,
        null,
        null,
        null,
        1,
        1,
        null,
        null,
        null,
        null,
        1,
        1,
        null,
        null,
        null,
        null,
        null,
        2,
        null
      ],
      "/Users/jasonhooper/wgc_projects/competmansys/app/models/competition.rb": [
        1,
        null,
        1,
        0,
        null,
        null,
        1,
        1,
        1,
        1,
        1,
        1,
        1,
        null,
        1,
        1,
        1,
        null,
        1,
        49,
        1,
        null,
        null,
        null,
        1,
        49,
        1,
        null,
        null,
        null,
        1,
        49,
        null,
        1,
        null,
        null,
        null,
        1,
        null,
        1,
        1,
        null,
        1,
        8,
        null,
        1,
        null,
        1,
        1,
        null,
        null,
        null
      ],
      "/Users/jasonhooper/wgc_projects/competmansys/app/uploaders/competition_image_uploader.rb": [
        null,
        null,
        1,
        null,
        null,
        null,
        1,
        null,
        null,
        1,
        null,
        null,
        null,
        null,
        1,
        32,
        null,
        null,
        null,
        null,
        null,
        null,
        null,
        null,
        null,
        null,
        null,
        1,
        null,
        null,
        null,
        null,
        null,
        null,
        null,
        null,
        null,
        null,
        null,
        null,
        null,
        null,
        null,
        null,
        null,
        null,
        null,
        null,
        null,
        null,
        null
      ],
      "/Users/jasonhooper/wgc_projects/competmansys/spec/models/event_spec.rb": [
        1,
        null,
        1,
        2,
        null,
        2,
        2,
        null
      ],
      "/Users/jasonhooper/wgc_projects/competmansys/app/models/event.rb": [
        1,
        1,
        1,
        null,
        1,
        null
      ],
      "/Users/jasonhooper/wgc_projects/competmansys/spec/models/user_observer_spec.rb": [
        1,
        null,
        1,
        1,
        1,
        1,
        null,
        null,
        1,
        1,
        1,
        null,
        null
      ],
      "/Users/jasonhooper/wgc_projects/competmansys/spec/models/user_spec.rb": [
        1,
        null,
        1,
        2,
        2,
        null
      ],
      "/Users/jasonhooper/wgc_projects/competmansys/spec/routing/root_path_spec.rb": [
        1,
        null,
        1,
        null,
        1,
        1,
        null,
        null,
        null
      ]
    },
    "timestamp": 1387020170
  }
}
