{
  "RSpec": {
    "coverage": {
      "/Users/jasonhooper/wgc_projects/competmansys/config/environment.rb": [
        null,
        1,
        null,
        null,
        1
      ],
      "/Users/jasonhooper/wgc_projects/competmansys/config/application.rb": [
        1,
        null,
        null,
        1,
        1,
        1,
        1,
        null,
        null,
        null,
        null,
        1,
        null,
        1,
        1,
        null,
        null,
        null,
        null,
        null,
        null,
        null,
        null,
        null,
        null,
        null,
        1,
        null,
        null
      ],
      "/Users/jasonhooper/wgc_projects/competmansys/config/boot.rb": [
        null,
        1,
        null,
        1
      ],
      "/Users/jasonhooper/wgc_projects/competmansys/config/environments/test.rb": [
        1,
        null,
        null,
        null,
        null,
        null,
        null,
        1,
        null,
        null,
        null,
        null,
        1,
        null,
        null,
        1,
        1,
        null,
        null,
        1,
        1,
        null,
        null,
        1,
        null,
        null,
        1,
        null,
        null,
        null,
        null,
        1,
        null,
        null,
        1,
        null
      ],
      "/Users/jasonhooper/wgc_projects/competmansys/config/initializers/backtrace_silencers.rb": [
        null,
        null,
        null,
        null,
        null,
        null,
        null
      ],
      "/Users/jasonhooper/wgc_projects/competmansys/config/initializers/devise.rb": [
        null,
        null,
        1,
        null,
        null,
        null,
        1,
        null,
        null,
        null,
        null,
        null,
        1,
        null,
        null,
        null,
        null,
        null,
        null,
        null,
        null,
        1,
        null,
        null,
        null,
        null,
        null,
        null,
        null,
        null,
        null,
        null,
        null,
        null,
        null,
        null,
        null,
        null,
        null,
        null,
        null,
        null,
        null,
        1,
        null,
        null,
        null,
        null,
        1,
        null,
        null,
        null,
        null,
        null,
        null,
        null,
        null,
        null,
        null,
        null,
        null,
        null,
        null,
        null,
        null,
        null,
        null,
        null,
        null,
        null,
        null,
        null,
        null,
        null,
        null,
        null,
        null,
        null,
        null,
        1,
        null,
        null,
        null,
        null,
        null,
        null,
        null,
        null,
        null,
        null,
        null,
        null,
        null,
        null,
        1,
        null,
        null,
        null,
        null,
        null,
        null,
        null,
        null,
        null,
        null,
        null,
        null,
        null,
        null,
        null,
        null,
        null,
        null,
        null,
        null,
        null,
        null,
        null,
        null,
        1,
        null,
        null,
        null,
        null,
        null,
        null,
        null,
        null,
        null,
        null,
        null,
        null,
        null,
        null,
        null,
        null,
        null,
        1,
        null,
        null,
        null,
        null,
        null,
        null,
        null,
        null,
        null,
        null,
        null,
        null,
        null,
        null,
        null,
        null,
        null,
        null,
        null,
        null,
        null,
        null,
        null,
        null,
        null,
        null,
        null,
        null,
        null,
        null,
        null,
        null,
        null,
        null,
        null,
        null,
        null,
        null,
        null,
        null,
        null,
        null,
        null,
        null,
        null,
        null,
        null,
        null,
        1,
        null,
        null,
        null,
        null,
        null,
        null,
        null,
        null,
        null,
        null,
        null,
        null,
        null,
        null,
        null,
        null,
        null,
        null,
        null,
        null,
        null,
        null,
        null,
        null,
        null,
        null,
        null,
        null,
        null,
        null,
        null,
        null,
        null,
        null,
        null,
        null,
        null,
        1,
        null,
        null,
        null,
        null,
        null,
        null,
        null,
        null,
        null,
        null,
        null,
        null,
        null,
        null,
        null,
        null,
        null,
        null,
        null,
        null,
        null,
        null,
        null,
        null,
        null,
        null,
        null,
        null,
        null
      ],
      "/Users/jasonhooper/wgc_projects/competmansys/config/initializers/filter_parameter_logging.rb": [
        null,
        null,
        null,
        1
      ],
      "/Users/jasonhooper/wgc_projects/competmansys/config/initializers/inflections.rb": [
        null,
        null,
        null,
        null,
        null,
        null,
        null,
        null,
        null,
        null,
        null,
        null,
        null,
        null,
        null,
        null
      ],
      "/Users/jasonhooper/wgc_projects/competmansys/config/initializers/mime_types.rb": [
        null,
        null,
        null,
        null,
        null
      ],
      "/Users/jasonhooper/wgc_projects/competmansys/config/initializers/secret_token.rb": [
        null,
        null,
        null,
        null,
        null,
        null,
        null,
        null,
        null,
        null,
        null,
        1
      ],
      "/Users/jasonhooper/wgc_projects/competmansys/config/initializers/session_store.rb": [
        null,
        null,
        1
      ],
      "/Users/jasonhooper/wgc_projects/competmansys/config/initializers/wrap_parameters.rb": [
        null,
        null,
        null,
        null,
        null,
        null,
        1,
        1,
        null,
        null,
        null,
        null,
        null,
        null
      ],
      "/Users/jasonhooper/wgc_projects/competmansys/app/models/user_observer.rb": [
        1,
        1,
        17,
        null,
        null
      ],
      "/Users/jasonhooper/wgc_projects/competmansys/app/models/user.rb": [
        1,
        1,
        null,
        null,
        1,
        null,
        null,
        1,
        0,
        null,
        null,
        1,
        0,
        0,
        null,
        null,
        null,
        1,
        0,
        null,
        null,
        1,
        1,
        null,
        null
      ],
      "/Users/jasonhooper/wgc_projects/competmansys/config/routes.rb": [
        1,
        1,
        null,
        1,
        1,
        1,
        null,
        null,
        null,
        null,
        null,
        1,
        null,
        null,
        null,
        null,
        null,
        null,
        null,
        null,
        null,
        null,
        null,
        null,
        null,
        null,
        null,
        null,
        null,
        null,
        null,
        null,
        null,
        null,
        null,
        null,
        null,
        null,
        null,
        null,
        null,
        null,
        null,
        null,
        null,
        null,
        null,
        null,
        null,
        null,
        null,
        null,
        null,
        null,
        null,
        null,
        null,
        null,
        null,
        null,
        null,
        null
      ],
      "/Users/jasonhooper/wgc_projects/competmansys/app/helpers/application_helper.rb": [
        1,
        null
      ],
      "/Users/jasonhooper/wgc_projects/competmansys/app/helpers/competitions_helper.rb": [
        1,
        null
      ],
      "/Users/jasonhooper/wgc_projects/competmansys/app/helpers/events_helper.rb": [
        1,
        null
      ],
      "/Users/jasonhooper/wgc_projects/competmansys/app/helpers/welcome_helper.rb": [
        1,
        null
      ],
      "/Users/jasonhooper/wgc_projects/competmansys/spec/support/devise.rb": [
        1,
        1,
        null
      ],
      "/Users/jasonhooper/wgc_projects/competmansys/app/controllers/competitions_controller.rb": [
        1,
        null,
        1,
        2,
        null,
        null,
        1,
        2,
        2,
        null,
        null,
        1,
        2,
        null,
        null,
        1,
        3,
        3,
        3,
        3,
        null,
        null,
        1,
        0,
        0,
        null,
        null,
        1,
        4,
        4,
        4,
        4,
        null,
        0,
        0,
        0,
        null,
        null,
        null,
        1,
        4,
        4,
        4,
        4,
        null,
        4,
        4,
        4,
        null,
        0,
        0,
        0,
        null,
        null,
        null,
        1,
        null,
        null,
        1,
        1,
        8,
        null,
        null,
        null,
        null
      ],
      "/Users/jasonhooper/wgc_projects/competmansys/app/controllers/application_controller.rb": [
        1,
        1,
        null,
        1,
        null,
        1,
        0,
        0,
        null,
        null,
        null,
        null,
        1,
        null,
        null
      ],
      "/Users/jasonhooper/wgc_projects/competmansys/app/models/competition.rb": [
        1,
        null,
        1,
        0,
        null,
        null,
        1,
        1,
        1,
        1,
        1,
        1,
        1,
        null,
        1,
        1,
        1,
        null,
        1,
        21,
        0,
        null,
        null,
        null,
        1,
        21,
        0,
        null,
        null,
        null,
        1,
        21,
        null,
        0,
        null,
        null,
        null,
        1,
        null,
        1,
        1,
        null,
        1,
        8,
        null,
        1,
        null,
        1,
        1,
        null,
        null,
        null
      ],
      "/Users/jasonhooper/wgc_projects/competmansys/app/uploaders/competition_image_uploader.rb": [
        null,
        null,
        1,
        null,
        null,
        null,
        1,
        null,
        null,
        1,
        null,
        null,
        null,
        null,
        1,
        21,
        null,
        null,
        null,
        null,
        null,
        null,
        null,
        null,
        null,
        null,
        null,
        1,
        null,
        null,
        null,
        null,
        null,
        null,
        null,
        null,
        null,
        null,
        null,
        null,
        null,
        null,
        null,
        null,
        null,
        null,
        null,
        null,
        null,
        null,
        null
      ],
      "/Users/jasonhooper/wgc_projects/competmansys/app/mailers/user_mailer.rb": [
        1,
        1,
        null,
        1,
        17,
        17,
        17,
        null,
        null
      ],
      "/Users/jasonhooper/wgc_projects/competmansys/app/models/event.rb": [
        1,
        1,
        1,
        null,
        1,
        null
      ],
      "/Users/jasonhooper/wgc_projects/competmansys/app/models/competition_administrator.rb": [
        1,
        null,
        1,
        1,
        null,
        null
      ]
    },
    "timestamp": 1387021518
  }
}
